app/build/intermediates/manifest_merge_blame_file/debug/manifest-merger-blame-debug-report.txt
1<?xml version="1.0" encoding="utf-8"?>
2<manifest xmlns:android="http://schemas.android.com/apk/res/android"
3    package="com.adrian.sofergt"
4    android:versionCode="2"
5    android:versionName="4.1" >
6
7    <uses-sdk
8        android:minSdkVersion="21"
8-->src\main\AndroidManifest.xml
9        android:targetSdkVersion="29" />
9-->src\main\AndroidManifest.xml
10
11    <uses-permission android:name="android.permission.ACCESS_NETWORK_STATE" />
11-->src\main\AndroidManifest.xml:5:5-79
11-->src\main\AndroidManifest.xml:5:22-76
12    <uses-permission android:name="android.permission.READ_EXTERNAL_STORAGE" />
12-->src\main\AndroidManifest.xml:7:5-80
12-->src\main\AndroidManifest.xml:7:22-77
13    <uses-permission android:name="android.permission.WRITE_EXTERNAL_STORAGE" />
13-->src\main\AndroidManifest.xml:8:5-81
13-->src\main\AndroidManifest.xml:8:22-78
14    <uses-permission android:name="android.permission.FOREGROUND_SERVICE" />
14-->src\main\AndroidManifest.xml:10:5-77
14-->src\main\AndroidManifest.xml:10:22-74
15    <uses-permission android:name="android.permission.ACCESS_FINE_LOCATION" />
15-->src\main\AndroidManifest.xml:11:5-79
15-->src\main\AndroidManifest.xml:11:22-76
16    <uses-permission android:name="android.permission.ACCESS_COARSE_LOCATION" />
16-->src\main\AndroidManifest.xml:12:5-81
16-->src\main\AndroidManifest.xml:12:22-78
17    <uses-permission android:name="android.permission.CALL_PHONE" />
17-->src\main\AndroidManifest.xml:13:5-68
17-->src\main\AndroidManifest.xml:13:22-66
18    <uses-permission android:name="android.permission.INTERNET" />
18-->src\main\AndroidManifest.xml:14:5-67
18-->src\main\AndroidManifest.xml:14:22-64
19    <uses-permission android:name="android.permission.ACCESS_BACKGROUND_LOCATION" />
19-->src\main\AndroidManifest.xml:15:5-85
19-->src\main\AndroidManifest.xml:15:22-82
20    <uses-permission android:name="android.permission.WAKE_LOCK" />
20-->src\main\AndroidManifest.xml:16:5-68
20-->src\main\AndroidManifest.xml:16:22-65
21
22    <uses-feature
22-->[com.google.android.gms:play-services-maps:17.0.0] AndroidManifest.xml:26:5-28:35
23        android:glEsVersion="0x00020000"
23-->[com.google.android.gms:play-services-maps:17.0.0] AndroidManifest.xml:27:9-41
24        android:required="true" /> <!-- Required by older versions of Google Play services to create IID tokens -->
24-->[com.google.android.gms:play-services-maps:17.0.0] AndroidManifest.xml:28:9-32
25    <uses-permission android:name="com.google.android.c2dm.permission.RECEIVE" />
25-->[com.google.firebase:firebase-iid:21.0.1] AndroidManifest.xml:26:5-82
25-->[com.google.firebase:firebase-iid:21.0.1] AndroidManifest.xml:26:22-79
26
27    <application
27-->src\main\AndroidManifest.xml:18:5-59:19
28        android:allowBackup="false"
28-->src\main\AndroidManifest.xml:19:9-36
29        android:appComponentFactory="androidx.core.app.CoreComponentFactory"
29-->[androidx.core:core:1.3.1] AndroidManifest.xml:24:18-86
30        android:debuggable="true"
31        android:icon="@mipmap/ic_launcher"
31-->src\main\AndroidManifest.xml:20:9-43
32        android:label="@string/app_name"
32-->src\main\AndroidManifest.xml:21:9-41
33        android:roundIcon="@mipmap/ic_launcher_round"
33-->src\main\AndroidManifest.xml:22:9-54
34        android:supportsRtl="true"
34-->src\main\AndroidManifest.xml:23:9-35
35        android:testOnly="true"
36        android:theme="@style/AppTheme" >
36-->src\main\AndroidManifest.xml:24:9-40
37        <service
37-->src\main\AndroidManifest.xml:26:9-30:56
38            android:name="com.adrian.sofergt.services.MainService"
38-->src\main\AndroidManifest.xml:27:13-49
39            android:enabled="true"
39-->src\main\AndroidManifest.xml:28:13-35
40            android:exported="true"
40-->src\main\AndroidManifest.xml:29:13-36
41            android:foregroundServiceType="location" />
41-->src\main\AndroidManifest.xml:30:13-53
42
43        <activity android:name="com.adrian.sofergt.communication.Action" />
43-->src\main\AndroidManifest.xml:32:9-58
43-->src\main\AndroidManifest.xml:32:19-55
44
45        <receiver android:name="com.adrian.sofergt.InternetReciver" >
45-->src\main\AndroidManifest.xml:34:9-38:20
45-->src\main\AndroidManifest.xml:34:19-50
46            <intent-filter>
46-->src\main\AndroidManifest.xml:35:13-37:29
47                <action android:name="android.intent.action.TIME_SET" />
47-->src\main\AndroidManifest.xml:36:17-73
47-->src\main\AndroidManifest.xml:36:25-70
48            </intent-filter>
49        </receiver>
50
51        <activity
51-->src\main\AndroidManifest.xml:40:9-42:63
52            android:name="com.adrian.sofergt.ui.SettingsActivity"
52-->src\main\AndroidManifest.xml:41:13-48
53            android:label="@string/title_activity_settings" />
53-->src\main\AndroidManifest.xml:42:13-60
54       !-- The API key for Google Maps-based APIs. -->
55        <meta-data
55-->src\main\AndroidManifest.xml:45:9-47:47
56            android:name="com.google.android.geo.API_KEY"
56-->src\main\AndroidManifest.xml:46:13-58
57            android:value="@string/map_key" />
57-->src\main\AndroidManifest.xml:47:13-44
58
59        <activity android:name="com.adrian.sofergt.ui.RegisterActivity" />
59-->src\main\AndroidManifest.xml:49:9-57
59-->src\main\AndroidManifest.xml:49:19-54
60        <activity android:name="com.adrian.sofergt.ui.View_MapActivity" />
60-->src\main\AndroidManifest.xml:50:9-57
60-->src\main\AndroidManifest.xml:50:19-54
61        <activity android:name="com.adrian.sofergt.MainActivity" >
61-->src\main\AndroidManifest.xml:51:9-58:20
61-->src\main\AndroidManifest.xml:51:19-47
62            <intent-filter>
62-->src\main\AndroidManifest.xml:52:13-57:29
63                <action android:name="android.intent.action.MAIN" />
63-->src\main\AndroidManifest.xml:53:17-69
63-->src\main\AndroidManifest.xml:53:25-66
64                <action android:name="android.intent.action.VIEW" />
64-->src\main\AndroidManifest.xml:54:17-69
64-->src\main\AndroidManifest.xml:54:25-66
65
66                <category android:name="android.intent.category.LAUNCHER" />
66-->src\main\AndroidManifest.xml:56:17-77
66-->src\main\AndroidManifest.xml:56:27-74
67            </intent-filter>
68        </activity>
69        <activity
69-->[com.karumi:dexter:6.2.2] AndroidManifest.xml:27:9-29:72
70            android:name="com.karumi.dexter.DexterActivity"
70-->[com.karumi:dexter:6.2.2] AndroidManifest.xml:28:13-60
71            android:theme="@style/Dexter.Internal.Theme.Transparent" />
71-->[com.karumi:dexter:6.2.2] AndroidManifest.xml:29:13-69
72
73        <service
73-->[com.google.firebase:firebase-database:19.6.0] AndroidManifest.xml:29:9-35:19
74            android:name="com.google.firebase.components.ComponentDiscoveryService"
74-->[com.google.firebase:firebase-database:19.6.0] AndroidManifest.xml:30:13-84
75            android:directBootAware="true"
75-->[com.google.firebase:firebase-common:19.5.0] AndroidManifest.xml:35:13-43
76            android:exported="false" >
76-->[com.google.firebase:firebase-database:19.6.0] AndroidManifest.xml:31:13-37
77            <meta-data
77-->[com.google.firebase:firebase-database:19.6.0] AndroidManifest.xml:32:13-34:85
78                android:name="com.google.firebase.components:com.google.firebase.database.DatabaseRegistrar"
78-->[com.google.firebase:firebase-database:19.6.0] AndroidManifest.xml:33:17-109
79                android:value="com.google.firebase.components.ComponentRegistrar" />
79-->[com.google.firebase:firebase-database:19.6.0] AndroidManifest.xml:34:17-82
80            <meta-data
80-->[com.google.firebase:firebase-auth:20.0.1] AndroidManifest.xml:77:13-79:85
81                android:name="com.google.firebase.components:com.google.firebase.auth.FirebaseAuthRegistrar"
81-->[com.google.firebase:firebase-auth:20.0.1] AndroidManifest.xml:78:17-109
82                android:value="com.google.firebase.components.ComponentRegistrar" />
82-->[com.google.firebase:firebase-auth:20.0.1] AndroidManifest.xml:79:17-82
83            <meta-data
83-->[com.google.firebase:firebase-storage:19.2.1] AndroidManifest.xml:33:13-35:85
84                android:name="com.google.firebase.components:com.google.firebase.storage.StorageRegistrar"
84-->[com.google.firebase:firebase-storage:19.2.1] AndroidManifest.xml:34:17-107
85                android:value="com.google.firebase.components.ComponentRegistrar" />
85-->[com.google.firebase:firebase-storage:19.2.1] AndroidManifest.xml:35:17-82
86            <meta-data
86-->[com.google.firebase:firebase-messaging:21.0.1] AndroidManifest.xml:39:13-41:85
87                android:name="com.google.firebase.components:com.google.firebase.messaging.FirebaseMessagingRegistrar"
87-->[com.google.firebase:firebase-messaging:21.0.1] AndroidManifest.xml:40:17-119
88                android:value="com.google.firebase.components.ComponentRegistrar" />
88-->[com.google.firebase:firebase-messaging:21.0.1] AndroidManifest.xml:41:17-82
89            <meta-data
89-->[com.google.firebase:firebase-iid:21.0.1] AndroidManifest.xml:32:13-34:85
90                android:name="com.google.firebase.components:com.google.firebase.iid.Registrar"
90-->[com.google.firebase:firebase-iid:21.0.1] AndroidManifest.xml:33:17-96
91                android:value="com.google.firebase.components.ComponentRegistrar" />
91-->[com.google.firebase:firebase-iid:21.0.1] AndroidManifest.xml:34:17-82
92            <meta-data
92-->[com.google.firebase:firebase-datatransport:17.0.10] AndroidManifest.xml:28:13-30:85
93                android:name="com.google.firebase.components:com.google.firebase.datatransport.TransportRegistrar"
93-->[com.google.firebase:firebase-datatransport:17.0.10] AndroidManifest.xml:29:17-115
94                android:value="com.google.firebase.components.ComponentRegistrar" />
94-->[com.google.firebase:firebase-datatransport:17.0.10] AndroidManifest.xml:30:17-82
95            <meta-data
95-->[com.google.firebase:firebase-installations:16.3.5] AndroidManifest.xml:18:13-20:85
96                android:name="com.google.firebase.components:com.google.firebase.installations.FirebaseInstallationsRegistrar"
96-->[com.google.firebase:firebase-installations:16.3.5] AndroidManifest.xml:19:17-127
97                android:value="com.google.firebase.components.ComponentRegistrar" />
97-->[com.google.firebase:firebase-installations:16.3.5] AndroidManifest.xml:20:17-82
98            <!--
99                This registrar is not defined in the dynamic-module-support sdk itself to allow non-firebase
100                clients to use it as well, by defining this registrar in their own core/common library.
101            -->
102            <meta-data
102-->[com.google.firebase:firebase-common:19.5.0] AndroidManifest.xml:43:13-45:85
103                android:name="com.google.firebase.components:com.google.firebase.dynamicloading.DynamicLoadingRegistrar"
103-->[com.google.firebase:firebase-common:19.5.0] AndroidManifest.xml:44:17-121
104                android:value="com.google.firebase.components.ComponentRegistrar" />
104-->[com.google.firebase:firebase-common:19.5.0] AndroidManifest.xml:45:17-82
105        </service>
106
107        <activity
107-->[com.google.firebase:firebase-auth:20.0.1] AndroidManifest.xml:27:9-44:20
108            android:name="com.google.firebase.auth.internal.GenericIdpActivity"
108-->[com.google.firebase:firebase-auth:20.0.1] AndroidManifest.xml:28:13-80
109            android:excludeFromRecents="true"
109-->[com.google.firebase:firebase-auth:20.0.1] AndroidManifest.xml:29:13-46
110            android:exported="true"
110-->[com.google.firebase:firebase-auth:20.0.1] AndroidManifest.xml:30:13-36
111            android:launchMode="singleTask"
111-->[com.google.firebase:firebase-auth:20.0.1] AndroidManifest.xml:31:13-44
112            android:theme="@android:style/Theme.Translucent.NoTitleBar" >
112-->[com.google.firebase:firebase-auth:20.0.1] AndroidManifest.xml:32:13-72
113            <intent-filter>
113-->[com.google.firebase:firebase-auth:20.0.1] AndroidManifest.xml:33:13-43:29
114                <action android:name="android.intent.action.VIEW" />
114-->src\main\AndroidManifest.xml:54:17-69
114-->src\main\AndroidManifest.xml:54:25-66
115
116                <category android:name="android.intent.category.DEFAULT" />
116-->[com.google.firebase:firebase-auth:20.0.1] AndroidManifest.xml:36:17-76
116-->[com.google.firebase:firebase-auth:20.0.1] AndroidManifest.xml:36:27-73
117                <category android:name="android.intent.category.BROWSABLE" />
117-->[com.google.firebase:firebase-auth:20.0.1] AndroidManifest.xml:37:17-78
117-->[com.google.firebase:firebase-auth:20.0.1] AndroidManifest.xml:37:27-75
118
119                <data
119-->[com.google.firebase:firebase-auth:20.0.1] AndroidManifest.xml:39:17-42:51
120                    android:host="firebase.auth"
120-->[com.google.firebase:firebase-auth:20.0.1] AndroidManifest.xml:40:21-49
121                    android:path="/"
121-->[com.google.firebase:firebase-auth:20.0.1] AndroidManifest.xml:41:21-37
122                    android:scheme="genericidp" />
122-->[com.google.firebase:firebase-auth:20.0.1] AndroidManifest.xml:42:21-48
123            </intent-filter>
124        </activity>
125        <activity
125-->[com.google.firebase:firebase-auth:20.0.1] AndroidManifest.xml:45:9-62:20
126            android:name="com.google.firebase.auth.internal.RecaptchaActivity"
126-->[com.google.firebase:firebase-auth:20.0.1] AndroidManifest.xml:46:13-79
127            android:excludeFromRecents="true"
127-->[com.google.firebase:firebase-auth:20.0.1] AndroidManifest.xml:47:13-46
128            android:exported="true"
128-->[com.google.firebase:firebase-auth:20.0.1] AndroidManifest.xml:48:13-36
129            android:launchMode="singleTask"
129-->[com.google.firebase:firebase-auth:20.0.1] AndroidManifest.xml:49:13-44
130            android:theme="@android:style/Theme.Translucent.NoTitleBar" >
130-->[com.google.firebase:firebase-auth:20.0.1] AndroidManifest.xml:50:13-72
131            <intent-filter>
131-->[com.google.firebase:firebase-auth:20.0.1] AndroidManifest.xml:51:13-61:29
132                <action android:name="android.intent.action.VIEW" />
132-->src\main\AndroidManifest.xml:54:17-69
132-->src\main\AndroidManifest.xml:54:25-66
133
134                <category android:name="android.intent.category.DEFAULT" />
134-->[com.google.firebase:firebase-auth:20.0.1] AndroidManifest.xml:36:17-76
134-->[com.google.firebase:firebase-auth:20.0.1] AndroidManifest.xml:36:27-73
135                <category android:name="android.intent.category.BROWSABLE" />
135-->[com.google.firebase:firebase-auth:20.0.1] AndroidManifest.xml:37:17-78
135-->[com.google.firebase:firebase-auth:20.0.1] AndroidManifest.xml:37:27-75
136
137                <data
137-->[com.google.firebase:firebase-auth:20.0.1] AndroidManifest.xml:39:17-42:51
138                    android:host="firebase.auth"
138-->[com.google.firebase:firebase-auth:20.0.1] AndroidManifest.xml:40:21-49
139                    android:path="/"
139-->[com.google.firebase:firebase-auth:20.0.1] AndroidManifest.xml:41:21-37
140                    android:scheme="recaptcha" />
140-->[com.google.firebase:firebase-auth:20.0.1] AndroidManifest.xml:42:21-48
141            </intent-filter>
142        </activity>
143
144        <service
144-->[com.google.firebase:firebase-auth:20.0.1] AndroidManifest.xml:64:9-73:19
145            android:name="com.google.firebase.auth.api.fallback.service.FirebaseAuthFallbackService"
145-->[com.google.firebase:firebase-auth:20.0.1] AndroidManifest.xml:65:13-101
146            android:enabled="true"
146-->[com.google.firebase:firebase-auth:20.0.1] AndroidManifest.xml:66:13-35
147            android:exported="false" >
147-->[com.google.firebase:firebase-auth:20.0.1] AndroidManifest.xml:67:13-37
148            <intent-filter>
148-->[com.google.firebase:firebase-auth:20.0.1] AndroidManifest.xml:68:13-72:29
149                <action android:name="com.google.firebase.auth.api.gms.service.START" />
149-->[com.google.firebase:firebase-auth:20.0.1] AndroidManifest.xml:69:17-89
149-->[com.google.firebase:firebase-auth:20.0.1] AndroidManifest.xml:69:25-86
150
151                <category android:name="android.intent.category.DEFAULT" />
151-->[com.google.firebase:firebase-auth:20.0.1] AndroidManifest.xml:36:17-76
151-->[com.google.firebase:firebase-auth:20.0.1] AndroidManifest.xml:36:27-73
152            </intent-filter>
153        </service> <!-- Needs to be explicitly declared on P+ -->
154        <uses-library
154-->[com.google.android.gms:play-services-maps:17.0.0] AndroidManifest.xml:33:9-35:40
155            android:name="org.apache.http.legacy"
155-->[com.google.android.gms:play-services-maps:17.0.0] AndroidManifest.xml:34:13-50
156            android:required="false" />
156-->[com.google.android.gms:play-services-maps:17.0.0] AndroidManifest.xml:35:13-37
157        <!--
158             FirebaseMessagingService performs security checks at runtime,
159             but set to not exported to explicitly avoid allowing another app to call it.
160        -->
161        <service
161-->[com.google.firebase:firebase-messaging:21.0.1] AndroidManifest.xml:28:9-35:19
162            android:name="com.google.firebase.messaging.FirebaseMessagingService"
162-->[com.google.firebase:firebase-messaging:21.0.1] AndroidManifest.xml:29:13-82
163            android:directBootAware="true"
163-->[com.google.firebase:firebase-messaging:21.0.1] AndroidManifest.xml:30:13-43
164            android:exported="false" >
164-->[com.google.firebase:firebase-messaging:21.0.1] AndroidManifest.xml:31:13-37
165            <intent-filter android:priority="-500" >
165-->[com.google.firebase:firebase-messaging:21.0.1] AndroidManifest.xml:32:13-34:29
165-->[com.google.firebase:firebase-messaging:21.0.1] AndroidManifest.xml:32:28-51
166                <action android:name="com.google.firebase.MESSAGING_EVENT" />
166-->[com.google.firebase:firebase-messaging:21.0.1] AndroidManifest.xml:33:17-78
166-->[com.google.firebase:firebase-messaging:21.0.1] AndroidManifest.xml:33:25-75
167            </intent-filter>
168        </service>
169
170        <receiver
170-->[com.google.firebase:firebase-iid:21.0.1] AndroidManifest.xml:37:9-44:20
171            android:name="com.google.firebase.iid.FirebaseInstanceIdReceiver"
171-->[com.google.firebase:firebase-iid:21.0.1] AndroidManifest.xml:38:13-78
172            android:exported="true"
172-->[com.google.firebase:firebase-iid:21.0.1] AndroidManifest.xml:39:13-36
173            android:permission="com.google.android.c2dm.permission.SEND" >
173-->[com.google.firebase:firebase-iid:21.0.1] AndroidManifest.xml:40:13-73
174            <intent-filter>
174-->[com.google.firebase:firebase-iid:21.0.1] AndroidManifest.xml:41:13-43:29
175                <action android:name="com.google.android.c2dm.intent.RECEIVE" />
175-->[com.google.firebase:firebase-iid:21.0.1] AndroidManifest.xml:42:17-81
175-->[com.google.firebase:firebase-iid:21.0.1] AndroidManifest.xml:42:25-78
176            </intent-filter>
177        </receiver>
178
179        <activity
179-->[com.google.android.gms:play-services-base:17.3.0] AndroidManifest.xml:23:9-26:75
180            android:name="com.google.android.gms.common.api.GoogleApiActivity"
180-->[com.google.android.gms:play-services-base:17.3.0] AndroidManifest.xml:24:13-79
181            android:exported="false"
181-->[com.google.android.gms:play-services-base:17.3.0] AndroidManifest.xml:25:13-37
182            android:theme="@android:style/Theme.Translucent.NoTitleBar" />
182-->[com.google.android.gms:play-services-base:17.3.0] AndroidManifest.xml:26:13-72
183
184        <provider
184-->[com.google.firebase:firebase-common:19.5.0] AndroidManifest.xml:26:9-31:39
185            android:name="com.google.firebase.provider.FirebaseInitProvider"
185-->[com.google.firebase:firebase-common:19.5.0] AndroidManifest.xml:27:13-77
186            android:authorities="com.adrian.sofergt.firebaseinitprovider"
186-->[com.google.firebase:firebase-common:19.5.0] AndroidManifest.xml:28:13-72
187            android:directBootAware="true"
187-->[com.google.firebase:firebase-common:19.5.0] AndroidManifest.xml:29:13-43
188            android:exported="false"
188-->[com.google.firebase:firebase-common:19.5.0] AndroidManifest.xml:30:13-37
189            android:initOrder="100" />
189-->[com.google.firebase:firebase-common:19.5.0] AndroidManifest.xml:31:13-36
190
191        <meta-data
191-->[com.google.android.gms:play-services-basement:17.3.0] AndroidManifest.xml:23:9-25:69
192            android:name="com.google.android.gms.version"
192-->[com.google.android.gms:play-services-basement:17.3.0] AndroidManifest.xml:24:13-58
193            android:value="@integer/google_play_services_version" />
193-->[com.google.android.gms:play-services-basement:17.3.0] AndroidManifest.xml:25:13-66
194
195        <service
195-->[com.google.android.datatransport:transport-backend-cct:2.3.3] AndroidManifest.xml:29:9-35:19
196            android:name="com.google.android.datatransport.runtime.backends.TransportBackendDiscovery"
196-->[com.google.android.datatransport:transport-backend-cct:2.3.3] AndroidManifest.xml:30:13-103
197            android:exported="false" >
197-->[com.google.android.datatransport:transport-backend-cct:2.3.3] AndroidManifest.xml:31:13-37
198            <meta-data
198-->[com.google.android.datatransport:transport-backend-cct:2.3.3] AndroidManifest.xml:32:13-34:39
199                android:name="backend:com.google.android.datatransport.cct.CctBackendFactory"
199-->[com.google.android.datatransport:transport-backend-cct:2.3.3] AndroidManifest.xml:33:17-94
200                android:value="cct" />
200-->[com.google.android.datatransport:transport-backend-cct:2.3.3] AndroidManifest.xml:34:17-36
201        </service>
202        <service
202-->[com.google.android.datatransport:transport-runtime:2.2.5] AndroidManifest.xml:26:9-30:19
203            android:name="com.google.android.datatransport.runtime.scheduling.jobscheduling.JobInfoSchedulerService"
203-->[com.google.android.datatransport:transport-runtime:2.2.5] AndroidManifest.xml:27:13-117
204            android:exported="false"
204-->[com.google.android.datatransport:transport-runtime:2.2.5] AndroidManifest.xml:28:13-37
205            android:permission="android.permission.BIND_JOB_SERVICE" >
205-->[com.google.android.datatransport:transport-runtime:2.2.5] AndroidManifest.xml:29:13-69
206        </service>
207
208        <receiver
208-->[com.google.android.datatransport:transport-runtime:2.2.5] AndroidManifest.xml:32:9-34:40
209            android:name="com.google.android.datatransport.runtime.scheduling.jobscheduling.AlarmManagerSchedulerBroadcastReceiver"
209-->[com.google.android.datatransport:transport-runtime:2.2.5] AndroidManifest.xml:33:13-132
210            android:exported="false" />
210-->[com.google.android.datatransport:transport-runtime:2.2.5] AndroidManifest.xml:34:13-37
211    </application>
212
213</manifest>